#-----------------------------------------------------------
# Vivado v2018.2 (64-bit)
# SW Build 2258646 on Thu Jun 14 20:03:12 MDT 2018
# IP Build 2256618 on Thu Jun 14 22:10:49 MDT 2018
# Start of session at: Tue Dec 25 21:10:53 2018
# Process ID: 7560
# Current directory: C:/Users/user/Desktop/project_3
# Command line: vivado.exe -gui_launcher_event rodinguilauncherevent8644 C:\Users\user\Desktop\project_3\project_3.xpr
# Log file: C:/Users/user/Desktop/project_3/vivado.log
# Journal file: C:/Users/user/Desktop/project_3\vivado.jou
#-----------------------------------------------------------
start_gui
open_project C:/Users/user/Desktop/project_3/project_3.xpr
Scanning sources...
Finished scanning sources
INFO: [IP_Flow 19-234] Refreshing IP repositories
INFO: [IP_Flow 19-1704] No user IP repositories specified
INFO: [IP_Flow 19-2313] Loaded Vivado IP repository 'C:/Xilinx/Vivado/2018.2/data/ip'.
open_project: Time (s): cpu = 00:00:14 ; elapsed = 00:00:07 . Memory (MB): peak = 849.070 ; gain = 132.219
update_compile_order -fileset sources_1
exit
INFO: [Common 17-206] Exiting Vivado at Tue Dec 25 21:13:31 2018...
