#-----------------------------------------------------------
# Vivado v2018.2 (64-bit)
# SW Build 2258646 on Thu Jun 14 20:03:12 MDT 2018
# IP Build 2256618 on Thu Jun 14 22:10:49 MDT 2018
# Start of session at: Sat Mar 23 01:26:43 2019
# Process ID: 9844
# Current directory: D:/Documents/Bilkent/2nd Year/EEE 102/EE102 proje/project_3
# Command line: vivado.exe -gui_launcher_event rodinguilauncherevent9208 D:\Documents\Bilkent\2nd Year\EEE 102\EE102 proje\project_3\project_3.xpr
# Log file: D:/Documents/Bilkent/2nd Year/EEE 102/EE102 proje/project_3/vivado.log
# Journal file: D:/Documents/Bilkent/2nd Year/EEE 102/EE102 proje/project_3\vivado.jou
#-----------------------------------------------------------
start_gui
open_project {D:/Documents/Bilkent/2nd Year/EEE 102/EE102 proje/project_3/project_3.xpr}
INFO: [Project 1-313] Project file moved from 'C:/Users/user/Desktop/project_3' since last save.
Scanning sources...
Finished scanning sources
INFO: [IP_Flow 19-234] Refreshing IP repositories
INFO: [IP_Flow 19-1704] No user IP repositories specified
INFO: [IP_Flow 19-2313] Loaded Vivado IP repository 'C:/Xilinx/Vivado/2018.2/data/ip'.
open_project: Time (s): cpu = 00:00:12 ; elapsed = 00:00:06 . Memory (MB): peak = 786.445 ; gain = 69.781
update_compile_order -fileset sources_1
exit
INFO: [Common 17-206] Exiting Vivado at Sat Mar 23 01:27:28 2019...
